Processing started...
Initialize log directory and file name...
Validate and init input arguments...
  [mkdir] Created dir: C:\wip\sysdoc\tools\DitaOT\DITA-OT1.5.1\temp\temp20100601145057504
  [echo] *****************************************************************
  [echo] * basedir = C:\wip\sysdoc\tools\DitaOT\DITA-OT1.5.1
  [echo] * dita.dir = C:\wip\sysdoc\tools\DitaOT\DITA-OT1.5.1
  [echo] * input = plugins\cxxapiref\sample\dita\cxxApiExamples.ditamap
  [echo] * transtype = xhtml
  [echo] * tempdir = temp\temp20100601145057504
  [echo] * outputdir = plugins\cxxapiref\sample\out
  [echo] * extname = .xml
  [echo] * clean.temp = true
  [echo] * xslt.parser = SAXON
  [echo] *****************************************************************
Preprocessing started...
  [pipeline] GenMapAndTopicListModule.execute(): Starting...
  [pipeline] Using XERCES.
  [pipeline] setGrammarPool(): Using Xerces grammar pool for DTD and schema caching.
  [pipeline] GenMapAndTopicListModule.processFile(): Processing file cxxApiExamples.ditamap...
  [pipeline] GenMapAndTopicListModule.processFile(): Processing file struct_point.xml...
  [pipeline] GenMapAndTopicListModule.processFile(): Processing file class_test_class_1_1inner.xml...
  [pipeline] GenMapAndTopicListModule.processFile(): Processing file test__class_8h.xml...
  [pipeline] GenMapAndTopicListModule.processFile(): Processing file class_test_class.xml...
  [pipeline] GenMapAndTopicListModule.processFile(): Processing file class_test_class.xml...
  [pipeline] GenMapAndTopicListModule.execute(): Execution time: 2.812 seconds
Generate file list...
Debug input files...
  [pipeline] DebugAndFilterModule.execute(): Starting...
  [pipeline] setGrammarPool(): Using Xerces grammar pool for DTD and schema caching.
  [pipeline] setGrammarPool(): Using Xerces grammar pool for DTD and schema caching.
  [pipeline] DebugAndFilterModule.execute(): Handling file cxxApiExamples.ditamap...
  [pipeline] DebugAndFilterModule.execute(): Handling file struct_point.xml...
  [pipeline] DebugAndFilterModule.execute(): Handling file class_test_class_1_1inner.xml...
  [pipeline] DebugAndFilterModule.execute(): Handling file test__class_8h.xml...
  [pipeline] DebugAndFilterModule.execute(): Handling file class_test_class.xml...
  [pipeline] Execution time: 219 milliseconds
Debug and filter input files...
Debug and filter input files...
Copy image files...
Copy html files...
Copy flag files...
Copy subsidiary files...
Copy generated files...
  [copy] Copying 2 files to C:\wip\sysdoc\tools\DitaOT\DITA-OT1.5.1\plugins\cxxapiref\sample\out
Resolve conref push...
Resolve conref in input files...
Move metadata entries...
Resolve keyref...
Resolve coderef in input files...
Resolve mapref in ditamap...
  [xslt] Transforming into C:\wip\sysdoc\tools\DitaOT\DITA-OT1.5.1\temp\temp20100601145057504
  [xslt] Processing C:\wip\sysdoc\tools\DitaOT\DITA-OT1.5.1\temp\temp20100601145057504\cxxApiExamples.ditamap to C:\wip\sysdoc\tools\DitaOT\DITA-OT1.5.1\temp\temp20100601145057504\cxxApiExamples.ditamap.ref
  [xslt] Loading stylesheet C:\wip\sysdoc\tools\DitaOT\DITA-OT1.5.1\xsl\preprocess\mapref.xsl
  [move] Moving 1 file to C:\wip\sysdoc\tools\DitaOT\DITA-OT1.5.1\temp\temp20100601145057504
Pull the navtitle and topicmeta from topics to ditamap...
  [xslt] Transforming into C:\wip\sysdoc\tools\DitaOT\DITA-OT1.5.1\temp\temp20100601145057504
  [xslt] Processing C:\wip\sysdoc\tools\DitaOT\DITA-OT1.5.1\temp\temp20100601145057504\cxxApiExamples.ditamap to C:\wip\sysdoc\tools\DitaOT\DITA-OT1.5.1\temp\temp20100601145057504\cxxApiExamples.ditamap.pull
  [xslt] Loading stylesheet C:\wip\sysdoc\tools\DitaOT\DITA-OT1.5.1\xsl\preprocess\mappull.xsl
  [move] Moving 1 file to C:\wip\sysdoc\tools\DitaOT\DITA-OT1.5.1\temp\temp20100601145057504
Process chunks...
Find and generate related link information...
  [xslt] Processing C:\wip\sysdoc\tools\DitaOT\DITA-OT1.5.1\temp\temp20100601145057504\cxxApiExamples.ditamap to C:\wip\sysdoc\tools\DitaOT\DITA-OT1.5.1\temp\temp20100601145057504\maplinks.unordered
  [xslt] Loading stylesheet C:\wip\sysdoc\tools\DitaOT\DITA-OT1.5.1\xsl\preprocess\maplink.xsl
Move the related link information to topics...
Pull metadata for link and xref element...
  [xslt] Transforming into C:\wip\sysdoc\tools\DitaOT\DITA-OT1.5.1\temp\temp20100601145057504
  [xslt] Processing C:\wip\sysdoc\tools\DitaOT\DITA-OT1.5.1\temp\temp20100601145057504\class_test_class.xml to C:\wip\sysdoc\tools\DitaOT\DITA-OT1.5.1\temp\temp20100601145057504\class_test_class.xml.pull
  [xslt] Loading stylesheet C:\wip\sysdoc\tools\DitaOT\DITA-OT1.5.1\xsl\preprocess\topicpull.xsl
  [xslt] Processing C:\wip\sysdoc\tools\DitaOT\DITA-OT1.5.1\temp\temp20100601145057504\class_test_class_1_1inner.xml to C:\wip\sysdoc\tools\DitaOT\DITA-OT1.5.1\temp\temp20100601145057504\class_test_class_1_1inner.xml.pull
  [xslt] Processing C:\wip\sysdoc\tools\DitaOT\DITA-OT1.5.1\temp\temp20100601145057504\struct_point.xml to C:\wip\sysdoc\tools\DitaOT\DITA-OT1.5.1\temp\temp20100601145057504\struct_point.xml.pull
  [xslt] Processing C:\wip\sysdoc\tools\DitaOT\DITA-OT1.5.1\temp\temp20100601145057504\test__class_8h.xml to C:\wip\sysdoc\tools\DitaOT\DITA-OT1.5.1\temp\temp20100601145057504\test__class_8h.xml.pull
  [move] Moving 4 files to C:\wip\sysdoc\tools\DitaOT\DITA-OT1.5.1\temp\temp20100601145057504
Preprocessing ended...
Build HTML TOC file...
Build HTML TOC file,which will adjust the directory...
  [xslt] Transforming into C:\wip\sysdoc\tools\DitaOT\DITA-OT1.5.1\plugins\cxxapiref\sample\out
  [xslt] Processing C:\wip\sysdoc\tools\DitaOT\DITA-OT1.5.1\temp\temp20100601145057504\cxxApiExamples.ditamap to C:\wip\sysdoc\tools\DitaOT\DITA-OT1.5.1\plugins\cxxapiref\sample\out\index.html
  [xslt] Loading stylesheet C:\wip\sysdoc\tools\DitaOT\DITA-OT1.5.1\xsl\map2xhtmtoc.xsl
Copy CSS files...
  [copy] Copying 2 files to C:\wip\sysdoc\tools\DitaOT\DITA-OT1.5.1\plugins\cxxapiref\sample\out
Build XHTML output from dita inner and outer topics,which will adjust the directory....
Build XHTML output from inner dita topics...
  [xslt] Transforming into C:\wip\sysdoc\tools\DitaOT\DITA-OT1.5.1\plugins\cxxapiref\sample\out
  [xslt] Processing C:\wip\sysdoc\tools\DitaOT\DITA-OT1.5.1\temp\temp20100601145057504\class_test_class.xml to C:\wip\sysdoc\tools\DitaOT\DITA-OT1.5.1\plugins\cxxapiref\sample\out\class_test_class.html
  [xslt] Loading stylesheet C:\wip\sysdoc\tools\DitaOT\DITA-OT1.5.1\xsl\dita2xhtml.xsl
  [xslt] Processing C:\wip\sysdoc\tools\DitaOT\DITA-OT1.5.1\temp\temp20100601145057504\class_test_class_1_1inner.xml to C:\wip\sysdoc\tools\DitaOT\DITA-OT1.5.1\plugins\cxxapiref\sample\out\class_test_class_1_1inner.html
  [xslt] Processing C:\wip\sysdoc\tools\DitaOT\DITA-OT1.5.1\temp\temp20100601145057504\struct_point.xml to C:\wip\sysdoc\tools\DitaOT\DITA-OT1.5.1\plugins\cxxapiref\sample\out\struct_point.html
  [xslt] Processing C:\wip\sysdoc\tools\DitaOT\DITA-OT1.5.1\temp\temp20100601145057504\test__class_8h.xml to C:\wip\sysdoc\tools\DitaOT\DITA-OT1.5.1\plugins\cxxapiref\sample\out\test__class_8h.html
Build XHTML output from outer dita topics...
Clean temp directory...
Processing ended.

BUILD SUCCESSFUL
Number of Fatals : 0
Number of Errors : 0
Number of Warnings : 0

Total time: 12 seconds
